2025-06-06 19:41:23.401 [error] Unable to check if shell integration is active [Error: Extension 'ms-python.python' CANNOT use API proposal: terminalDataWriteEvent.
Its package.json#enabledApiProposals-property declares:  but NOT terminalDataWriteEvent.
 The missing proposal MUST be added and you must start in extension development mode or use the following command line switch: --enable-proposed-api ms-python.python
	at N (file:///usr/lib/code/out/vs/workbench/api/node/extensionHostProcess.js:113:30038)
	at a.onDidWriteTerminalData (file:///usr/lib/code/out/vs/workbench/api/node/extensionHostProcess.js:170:39985)
	at new v (/home/andrew/.vscode-oss/extensions/ms-python.python-2025.4.0-universal/out/client/extension.js:2:878107)
	at ge (/home/andrew/.vscode-oss/extensions/ms-python.python-2025.4.0-universal/out/client/extension.js:2:1684812)
	at /home/andrew/.vscode-oss/extensions/ms-python.python-2025.4.0-universal/out/client/extension.js:2:1688176
	at /home/andrew/.vscode-oss/extensions/ms-python.python-2025.4.0-universal/out/client/extension.js:2:1688204
	at Se (/home/andrew/.vscode-oss/extensions/ms-python.python-2025.4.0-universal/out/client/extension.js:2:1688271)
	at /home/andrew/.vscode-oss/extensions/ms-python.python-2025.4.0-universal/out/client/extension.js:2:1688751
	at we (/home/andrew/.vscode-oss/extensions/ms-python.python-2025.4.0-universal/out/client/extension.js:2:1688692)
	at Pe (/home/andrew/.vscode-oss/extensions/ms-python.python-2025.4.0-universal/out/client/extension.js:2:1688726)
	at /home/andrew/.vscode-oss/extensions/ms-python.python-2025.4.0-universal/out/client/extension.js:2:1685965
	at /home/andrew/.vscode-oss/extensions/ms-python.python-2025.4.0-universal/out/client/extension.js:2:1687570
	at Array.reduce (<anonymous>)
	at /home/andrew/.vscode-oss/extensions/ms-python.python-2025.4.0-universal/out/client/extension.js:2:1687542
	at /home/andrew/.vscode-oss/extensions/ms-python.python-2025.4.0-universal/out/client/extension.js:2:1687824
	at /home/andrew/.vscode-oss/extensions/ms-python.python-2025.4.0-universal/out/client/extension.js:2:1688204
	at Se (/home/andrew/.vscode-oss/extensions/ms-python.python-2025.4.0-universal/out/client/extension.js:2:1688271)
	at /home/andrew/.vscode-oss/extensions/ms-python.python-2025.4.0-universal/out/client/extension.js:2:1688751
	at we (/home/andrew/.vscode-oss/extensions/ms-python.python-2025.4.0-universal/out/client/extension.js:2:1688692)
	at Pe (/home/andrew/.vscode-oss/extensions/ms-python.python-2025.4.0-universal/out/client/extension.js:2:1688726)
	at /home/andrew/.vscode-oss/extensions/ms-python.python-2025.4.0-universal/out/client/extension.js:2:1685965
	at /home/andrew/.vscode-oss/extensions/ms-python.python-2025.4.0-universal/out/client/extension.js:2:1715635
	at /home/andrew/.vscode-oss/extensions/ms-python.python-2025.4.0-universal/out/client/extension.js:2:1715656
	at e._get (/home/andrew/.vscode-oss/extensions/ms-python.python-2025.4.0-universal/out/client/extension.js:2:1714669)
	at e._getButThrowIfAsync (/home/andrew/.vscode-oss/extensions/ms-python.python-2025.4.0-universal/out/client/extension.js:2:1714729)
	at e.get (/home/andrew/.vscode-oss/extensions/ms-python.python-2025.4.0-universal/out/client/extension.js:2:1710438)
	at e.dynamicValue (/home/andrew/.vscode-oss/extensions/ms-python.python-2025.4.0-universal/out/client/extension.js:2:1700171)
	at /home/andrew/.vscode-oss/extensions/ms-python.python-2025.4.0-universal/out/client/extension.js:2:1686348
	at Ee (/home/andrew/.vscode-oss/extensions/ms-python.python-2025.4.0-universal/out/client/extension.js:2:1686604)
	at Se (/home/andrew/.vscode-oss/extensions/ms-python.python-2025.4.0-universal/out/client/extension.js:2:1688320)
	at /home/andrew/.vscode-oss/extensions/ms-python.python-2025.4.0-universal/out/client/extension.js:2:1688751
	at we (/home/andrew/.vscode-oss/extensions/ms-python.python-2025.4.0-universal/out/client/extension.js:2:1688692)
	at Pe (/home/andrew/.vscode-oss/extensions/ms-python.python-2025.4.0-universal/out/client/extension.js:2:1688726)
	at /home/andrew/.vscode-oss/extensions/ms-python.python-2025.4.0-universal/out/client/extension.js:2:1685965
	at /home/andrew/.vscode-oss/extensions/ms-python.python-2025.4.0-universal/out/client/extension.js:2:1685899
	at Array.map (<anonymous>)
	at /home/andrew/.vscode-oss/extensions/ms-python.python-2025.4.0-universal/out/client/extension.js:2:1685870
	at /home/andrew/.vscode-oss/extensions/ms-python.python-2025.4.0-universal/out/client/extension.js:2:1687570
	at Array.reduce (<anonymous>)
	at /home/andrew/.vscode-oss/extensions/ms-python.python-2025.4.0-universal/out/client/extension.js:2:1687542
	at /home/andrew/.vscode-oss/extensions/ms-python.python-2025.4.0-universal/out/client/extension.js:2:1687824
	at /home/andrew/.vscode-oss/extensions/ms-python.python-2025.4.0-universal/out/client/extension.js:2:1688204
	at Se (/home/andrew/.vscode-oss/extensions/ms-python.python-2025.4.0-universal/out/client/extension.js:2:1688271)
	at /home/andrew/.vscode-oss/extensions/ms-python.python-2025.4.0-universal/out/client/extension.js:2:1688751
	at we (/home/andrew/.vscode-oss/extensions/ms-python.python-2025.4.0-universal/out/client/extension.js:2:1688692)
	at Pe (/home/andrew/.vscode-oss/extensions/ms-python.python-2025.4.0-universal/out/client/extension.js:2:1688726)
	at /home/andrew/.vscode-oss/extensions/ms-python.python-2025.4.0-universal/out/client/extension.js:2:1685965
	at /home/andrew/.vscode-oss/extensions/ms-python.python-2025.4.0-universal/out/client/extension.js:2:1715635
	at /home/andrew/.vscode-oss/extensions/ms-python.python-2025.4.0-universal/out/client/extension.js:2:1715656
	at e._get (/home/andrew/.vscode-oss/extensions/ms-python.python-2025.4.0-universal/out/client/extension.js:2:1714669)
	at e._getButThrowIfAsync (/home/andrew/.vscode-oss/extensions/ms-python.python-2025.4.0-universal/out/client/extension.js:2:1714729)
	at e.get (/home/andrew/.vscode-oss/extensions/ms-python.python-2025.4.0-universal/out/client/extension.js:2:1710438)
	at a.get (/home/andrew/.vscode-oss/extensions/ms-python.python-2025.4.0-universal/out/client/extension.js:2:536740)
	at /home/andrew/.vscode-oss/extensions/ms-python.python-2025.4.0-universal/out/client/extension.js:2:451577
	at async t.activateComponents (/home/andrew/.vscode-oss/extensions/ms-python.python-2025.4.0-universal/out/client/extension.js:2:449857)
	at async /home/andrew/.vscode-oss/extensions/ms-python.python-2025.4.0-universal/out/client/extension.js:2:2642626
	at async e (/home/andrew/.vscode-oss/extensions/ms-python.python-2025.4.0-universal/out/client/extension.js:2:2642158)
	at async Nb.n (file:///usr/lib/code/out/vs/workbench/api/node/extensionHostProcess.js:119:13382)
	at async Nb.m (file:///usr/lib/code/out/vs/workbench/api/node/extensionHostProcess.js:119:13345)
	at async Nb.l (file:///usr/lib/code/out/vs/workbench/api/node/extensionHostProcess.js:119:12801)]
2025-06-06 19:41:23.449 [info] > /bin/python -I ~/.vscode-oss/extensions/ms-python.python-2025.4.0-universal/python_files/get_output_via_markers.py ~/.vscode-oss/extensions/ms-python.python-2025.4.0-universal/python_files/interpreterInfo.py
2025-06-06 19:41:23.479 [info] Only Pylance is supported in untrusted workspaces, setting language server to None.
2025-06-06 19:41:23.479 [info] Starting Jedi language server for default.
2025-06-06 19:41:27.328 [error] Unable to check if shell integration is active [Error: Extension 'ms-python.python' CANNOT use API proposal: terminalDataWriteEvent.
Its package.json#enabledApiProposals-property declares:  but NOT terminalDataWriteEvent.
 The missing proposal MUST be added and you must start in extension development mode or use the following command line switch: --enable-proposed-api ms-python.python
	at N (file:///usr/lib/code/out/vs/workbench/api/node/extensionHostProcess.js:113:30038)
	at a.onDidWriteTerminalData (file:///usr/lib/code/out/vs/workbench/api/node/extensionHostProcess.js:170:39985)
	at new v (/home/andrew/.vscode-oss/extensions/ms-python.python-2025.4.0-universal/out/client/extension.js:2:878107)
	at ge (/home/andrew/.vscode-oss/extensions/ms-python.python-2025.4.0-universal/out/client/extension.js:2:1684812)
	at /home/andrew/.vscode-oss/extensions/ms-python.python-2025.4.0-universal/out/client/extension.js:2:1688176
	at /home/andrew/.vscode-oss/extensions/ms-python.python-2025.4.0-universal/out/client/extension.js:2:1688204
	at Se (/home/andrew/.vscode-oss/extensions/ms-python.python-2025.4.0-universal/out/client/extension.js:2:1688271)
	at /home/andrew/.vscode-oss/extensions/ms-python.python-2025.4.0-universal/out/client/extension.js:2:1688751
	at we (/home/andrew/.vscode-oss/extensions/ms-python.python-2025.4.0-universal/out/client/extension.js:2:1688692)
	at Pe (/home/andrew/.vscode-oss/extensions/ms-python.python-2025.4.0-universal/out/client/extension.js:2:1688726)
	at /home/andrew/.vscode-oss/extensions/ms-python.python-2025.4.0-universal/out/client/extension.js:2:1685965
	at /home/andrew/.vscode-oss/extensions/ms-python.python-2025.4.0-universal/out/client/extension.js:2:1687570
	at Array.reduce (<anonymous>)
	at /home/andrew/.vscode-oss/extensions/ms-python.python-2025.4.0-universal/out/client/extension.js:2:1687542
	at /home/andrew/.vscode-oss/extensions/ms-python.python-2025.4.0-universal/out/client/extension.js:2:1687824
	at /home/andrew/.vscode-oss/extensions/ms-python.python-2025.4.0-universal/out/client/extension.js:2:1688204
	at Se (/home/andrew/.vscode-oss/extensions/ms-python.python-2025.4.0-universal/out/client/extension.js:2:1688271)
	at /home/andrew/.vscode-oss/extensions/ms-python.python-2025.4.0-universal/out/client/extension.js:2:1688751
	at we (/home/andrew/.vscode-oss/extensions/ms-python.python-2025.4.0-universal/out/client/extension.js:2:1688692)
	at Pe (/home/andrew/.vscode-oss/extensions/ms-python.python-2025.4.0-universal/out/client/extension.js:2:1688726)
	at /home/andrew/.vscode-oss/extensions/ms-python.python-2025.4.0-universal/out/client/extension.js:2:1685965
	at /home/andrew/.vscode-oss/extensions/ms-python.python-2025.4.0-universal/out/client/extension.js:2:1715635
	at /home/andrew/.vscode-oss/extensions/ms-python.python-2025.4.0-universal/out/client/extension.js:2:1715656
	at e._get (/home/andrew/.vscode-oss/extensions/ms-python.python-2025.4.0-universal/out/client/extension.js:2:1714669)
	at e._getButThrowIfAsync (/home/andrew/.vscode-oss/extensions/ms-python.python-2025.4.0-universal/out/client/extension.js:2:1714729)
	at e.get (/home/andrew/.vscode-oss/extensions/ms-python.python-2025.4.0-universal/out/client/extension.js:2:1710438)
	at e.dynamicValue (/home/andrew/.vscode-oss/extensions/ms-python.python-2025.4.0-universal/out/client/extension.js:2:1700171)
	at /home/andrew/.vscode-oss/extensions/ms-python.python-2025.4.0-universal/out/client/extension.js:2:1686348
	at Ee (/home/andrew/.vscode-oss/extensions/ms-python.python-2025.4.0-universal/out/client/extension.js:2:1686604)
	at Se (/home/andrew/.vscode-oss/extensions/ms-python.python-2025.4.0-universal/out/client/extension.js:2:1688320)
	at /home/andrew/.vscode-oss/extensions/ms-python.python-2025.4.0-universal/out/client/extension.js:2:1688751
	at we (/home/andrew/.vscode-oss/extensions/ms-python.python-2025.4.0-universal/out/client/extension.js:2:1688692)
	at Pe (/home/andrew/.vscode-oss/extensions/ms-python.python-2025.4.0-universal/out/client/extension.js:2:1688726)
	at /home/andrew/.vscode-oss/extensions/ms-python.python-2025.4.0-universal/out/client/extension.js:2:1685965
	at /home/andrew/.vscode-oss/extensions/ms-python.python-2025.4.0-universal/out/client/extension.js:2:1685899
	at Array.map (<anonymous>)
	at /home/andrew/.vscode-oss/extensions/ms-python.python-2025.4.0-universal/out/client/extension.js:2:1685870
	at /home/andrew/.vscode-oss/extensions/ms-python.python-2025.4.0-universal/out/client/extension.js:2:1687570
	at Array.reduce (<anonymous>)
	at /home/andrew/.vscode-oss/extensions/ms-python.python-2025.4.0-universal/out/client/extension.js:2:1687542
	at /home/andrew/.vscode-oss/extensions/ms-python.python-2025.4.0-universal/out/client/extension.js:2:1687824
	at /home/andrew/.vscode-oss/extensions/ms-python.python-2025.4.0-universal/out/client/extension.js:2:1688204
	at Se (/home/andrew/.vscode-oss/extensions/ms-python.python-2025.4.0-universal/out/client/extension.js:2:1688271)
	at /home/andrew/.vscode-oss/extensions/ms-python.python-2025.4.0-universal/out/client/extension.js:2:1688751
	at we (/home/andrew/.vscode-oss/extensions/ms-python.python-2025.4.0-universal/out/client/extension.js:2:1688692)
	at Pe (/home/andrew/.vscode-oss/extensions/ms-python.python-2025.4.0-universal/out/client/extension.js:2:1688726)
	at /home/andrew/.vscode-oss/extensions/ms-python.python-2025.4.0-universal/out/client/extension.js:2:1685965
	at /home/andrew/.vscode-oss/extensions/ms-python.python-2025.4.0-universal/out/client/extension.js:2:1715635
	at /home/andrew/.vscode-oss/extensions/ms-python.python-2025.4.0-universal/out/client/extension.js:2:1715656
	at e._get (/home/andrew/.vscode-oss/extensions/ms-python.python-2025.4.0-universal/out/client/extension.js:2:1714669)
	at e._getButThrowIfAsync (/home/andrew/.vscode-oss/extensions/ms-python.python-2025.4.0-universal/out/client/extension.js:2:1714729)
	at e.get (/home/andrew/.vscode-oss/extensions/ms-python.python-2025.4.0-universal/out/client/extension.js:2:1710438)
	at a.get (/home/andrew/.vscode-oss/extensions/ms-python.python-2025.4.0-universal/out/client/extension.js:2:536740)
	at /home/andrew/.vscode-oss/extensions/ms-python.python-2025.4.0-universal/out/client/extension.js:2:451577
	at async t.activateComponents (/home/andrew/.vscode-oss/extensions/ms-python.python-2025.4.0-universal/out/client/extension.js:2:449857)
	at async /home/andrew/.vscode-oss/extensions/ms-python.python-2025.4.0-universal/out/client/extension.js:2:2642626
	at async e (/home/andrew/.vscode-oss/extensions/ms-python.python-2025.4.0-universal/out/client/extension.js:2:2642158)
	at async /home/andrew/.vscode-oss/extensions/ms-python.python-2025.4.0-universal/out/client/extension.js:2:2642135]
2025-06-06 19:41:27.336 [info] Python interpreter path: /bin/python
2025-06-06 19:41:27.415 [error] [
  'Failed to activate a workspace, Class name = v, completed in 82ms, has a falsy return value, Arg 1: undefined, Arg 2: {"started":1749228087288}, Return Value: undefined',
  [Error: Extension 'ms-python.python' CANNOT use API proposal: testObserver.
  Its package.json#enabledApiProposals-property declares:  but NOT testObserver.
   The missing proposal MUST be added and you must start in extension development mode or use the following command line switch: --enable-proposed-api ms-python.python
  	at N (file:///usr/lib/code/out/vs/workbench/api/node/extensionHostProcess.js:113:30038)
  	at get testResults (file:///usr/lib/code/out/vs/workbench/api/node/extensionHostProcess.js:170:33198)
  	at C.activate (/home/andrew/.vscode-oss/extensions/ms-python.python-2025.4.0-universal/out/client/extension.js:2:908659)
  	at /home/andrew/.vscode-oss/extensions/ms-python.python-2025.4.0-universal/out/client/extension.js:2:2457
  	at Array.map (<anonymous>)
  	at v.activateWorkspace (/home/andrew/.vscode-oss/extensions/ms-python.python-2025.4.0-universal/out/client/extension.js:2:2447)]
]
2025-06-06 19:41:27.415 [error] Failure during activation. [Error: Extension 'ms-python.python' CANNOT use API proposal: testObserver.
Its package.json#enabledApiProposals-property declares:  but NOT testObserver.
 The missing proposal MUST be added and you must start in extension development mode or use the following command line switch: --enable-proposed-api ms-python.python
	at N (file:///usr/lib/code/out/vs/workbench/api/node/extensionHostProcess.js:113:30038)
	at get testResults (file:///usr/lib/code/out/vs/workbench/api/node/extensionHostProcess.js:170:33198)
	at C.activate (/home/andrew/.vscode-oss/extensions/ms-python.python-2025.4.0-universal/out/client/extension.js:2:908659)
	at /home/andrew/.vscode-oss/extensions/ms-python.python-2025.4.0-universal/out/client/extension.js:2:2457
	at Array.map (<anonymous>)
	at v.activateWorkspace (/home/andrew/.vscode-oss/extensions/ms-python.python-2025.4.0-universal/out/client/extension.js:2:2447)]
2025-06-06 19:41:27.415 [error] sendStartupTelemetry() failed. [Error: Extension 'ms-python.python' CANNOT use API proposal: testObserver.
Its package.json#enabledApiProposals-property declares:  but NOT testObserver.
 The missing proposal MUST be added and you must start in extension development mode or use the following command line switch: --enable-proposed-api ms-python.python
	at N (file:///usr/lib/code/out/vs/workbench/api/node/extensionHostProcess.js:113:30038)
	at get testResults (file:///usr/lib/code/out/vs/workbench/api/node/extensionHostProcess.js:170:33198)
	at C.activate (/home/andrew/.vscode-oss/extensions/ms-python.python-2025.4.0-universal/out/client/extension.js:2:908659)
	at /home/andrew/.vscode-oss/extensions/ms-python.python-2025.4.0-universal/out/client/extension.js:2:2457
	at Array.map (<anonymous>)
	at v.activateWorkspace (/home/andrew/.vscode-oss/extensions/ms-python.python-2025.4.0-universal/out/client/extension.js:2:2447)]
2025-06-06 19:41:27.816 [info] Starting Jedi language server for default.
2025-06-06 19:42:22.589 [info] Starting Environment refresh
2025-06-06 19:42:22.589 [info] Searching for interpreters in posix paths locator
2025-06-06 19:42:22.589 [info] Searching for pyenv environments
2025-06-06 19:42:22.589 [info] Searching for conda environments
2025-06-06 19:42:22.589 [info] Searching for global virtual environments
2025-06-06 19:42:22.589 [info] Searching for custom virtual environments
2025-06-06 19:42:22.590 [info] pyenv is not installed
2025-06-06 19:42:22.590 [info] Finished searching for pyenv environments: 1 milliseconds
2025-06-06 19:42:22.590 [info] Finished searching for custom virtual envs: 1 milliseconds
2025-06-06 19:42:22.594 [info] > conda info --json
2025-06-06 19:42:22.595 [info] Finished searching for global virtual envs: 6 milliseconds
2025-06-06 19:42:22.598 [info] Found: /bin/python --> /bin/python3.13
2025-06-06 19:42:22.598 [info] Found: /bin/python3 --> /bin/python3.13
2025-06-06 19:42:22.598 [info] Found: /bin/python3.13 --> /bin/python3.13
2025-06-06 19:42:22.612 [info] Found: /sbin/python --> /sbin/python3.13
2025-06-06 19:42:22.613 [info] Found: /sbin/python3 --> /sbin/python3.13
2025-06-06 19:42:22.613 [info] Found: /sbin/python3.13 --> /sbin/python3.13
2025-06-06 19:42:22.617 [info] Found: /usr/bin/python --> /usr/bin/python3.13
2025-06-06 19:42:22.617 [info] Found: /usr/bin/python3 --> /usr/bin/python3.13
2025-06-06 19:42:22.618 [info] Found: /usr/bin/python3.13 --> /usr/bin/python3.13
2025-06-06 19:42:22.628 [info] Found: /usr/sbin/python --> /usr/sbin/python3.13
2025-06-06 19:42:22.628 [info] Found: /usr/sbin/python3 --> /usr/sbin/python3.13
2025-06-06 19:42:22.628 [info] Found: /usr/sbin/python3.13 --> /usr/sbin/python3.13
2025-06-06 19:42:22.634 [info] > /bin/python -I ~/.vscode-oss/extensions/ms-python.python-2025.4.0-universal/python_files/get_output_via_markers.py ~/.vscode-oss/extensions/ms-python.python-2025.4.0-universal/python_files/interpreterInfo.py
2025-06-06 19:42:22.639 [info] > /sbin/python -I ~/.vscode-oss/extensions/ms-python.python-2025.4.0-universal/python_files/get_output_via_markers.py ~/.vscode-oss/extensions/ms-python.python-2025.4.0-universal/python_files/interpreterInfo.py
2025-06-06 19:42:22.641 [info] Finished searching for interpreters in posix paths locator: 53 milliseconds
2025-06-06 19:42:22.643 [info] Environments refresh paths discovered (event): 54 milliseconds
2025-06-06 19:42:22.643 [info] Environments refresh paths discovered: 55 milliseconds
2025-06-06 19:42:22.660 [info] > /usr/bin/python -I ~/.vscode-oss/extensions/ms-python.python-2025.4.0-universal/python_files/get_output_via_markers.py ~/.vscode-oss/extensions/ms-python.python-2025.4.0-universal/python_files/interpreterInfo.py
2025-06-06 19:42:22.663 [info] > /usr/sbin/python -I ~/.vscode-oss/extensions/ms-python.python-2025.4.0-universal/python_files/get_output_via_markers.py ~/.vscode-oss/extensions/ms-python.python-2025.4.0-universal/python_files/interpreterInfo.py
2025-06-06 19:42:22.685 [info] Environments refresh finished (event): 97 milliseconds
2025-06-06 19:42:22.688 [info] Environment refresh took 101 milliseconds
2025-06-06 19:43:47.924 [info] Active interpreter [global]:  /home/andrew/Files/venv/bin/python3.13
2025-06-06 19:43:47.958 [info] > ~/Files/venv/bin/python3.13 -I ~/.vscode-oss/extensions/ms-python.python-2025.4.0-universal/python_files/get_output_via_markers.py ~/.vscode-oss/extensions/ms-python.python-2025.4.0-universal/python_files/interpreterInfo.py
2025-06-06 19:43:47.984 [info] Python interpreter path: ~/Files/venv/bin/python3.13
2025-06-06 19:43:48.385 [info] Starting Jedi language server for default.
2025-06-06 19:44:42.437 [info] CreateEnv Trigger - Workspace not found for /home/andrew/Files/walls_maker.py
2025-06-06 19:44:42.554 [info] Send text to terminal: source /home/andrew/Files/venv/bin/activate
2025-06-06 19:44:43.057 [info] Send text to terminal: /home/andrew/Files/venv/bin/python3.13 /home/andrew/Files/walls_maker.py
