2025-06-08 18:22:40.084 [info] Started local extension host with pid 5517.
2025-06-08 18:22:40.097 [info] ComputeTargetPlatform: linux-x64
2025-06-08 18:22:40.261 [error] Extension 'ms-python.debugpy CANNOT USE these API proposals 'portsAttributes, debugVisualization, contribViewsWelcome'. You MUST start in extension development mode or use the --enable-proposed-api command line flag
2025-06-08 18:22:40.261 [error] Extension 'ms-python.python CANNOT USE these API proposals 'contribEditorContentMenu, quickPickSortByLabel, testObserver, quickPickItemTooltip, terminalDataWriteEvent, terminalExecuteCommandEvent, codeActionAI, notebookReplDocument, notebookVariableProvider'. You MUST start in extension development mode or use the --enable-proposed-api command line flag
2025-06-08 18:22:40.277 [error] [ms-python.python]: editor/content is a proposed menu identifier. It requires 'package.json#enabledApiProposals: ["contribEditorContentMenu"]' and is only available when running out of dev or with the following command line switch: --enable-proposed-api ms-python.python
2025-06-08 18:22:42.751 [info] [perf] Render performance baseline is 17ms
2025-06-08 18:22:45.909 [error] Extension 'ms-python.debugpy CANNOT USE these API proposals 'portsAttributes, debugVisualization, contribViewsWelcome'. You MUST start in extension development mode or use the --enable-proposed-api command line flag
2025-06-08 18:22:45.913 [error] [ms-python.python]: editor/content is a proposed menu identifier. It requires 'package.json#enabledApiProposals: ["contribEditorContentMenu"]' and is only available when running out of dev or with the following command line switch: --enable-proposed-api ms-python.python
2025-06-08 18:22:47.057 [error] An unknown error occurred. Please consult the log for more details.
2025-06-08 18:25:45.281 [info] Started local extension host with pid 6417.
2025-06-08 18:25:45.291 [info] ComputeTargetPlatform: linux-x64
2025-06-08 18:25:45.429 [error] Extension 'ms-python.debugpy CANNOT USE these API proposals 'portsAttributes, debugVisualization, contribViewsWelcome'. You MUST start in extension development mode or use the --enable-proposed-api command line flag
2025-06-08 18:25:45.429 [error] Extension 'ms-python.python CANNOT USE these API proposals 'contribEditorContentMenu, quickPickSortByLabel, testObserver, quickPickItemTooltip, terminalDataWriteEvent, terminalExecuteCommandEvent, codeActionAI, notebookReplDocument, notebookVariableProvider'. You MUST start in extension development mode or use the --enable-proposed-api command line flag
2025-06-08 18:25:45.436 [error] [ms-python.python]: editor/content is a proposed menu identifier. It requires 'package.json#enabledApiProposals: ["contribEditorContentMenu"]' and is only available when running out of dev or with the following command line switch: --enable-proposed-api ms-python.python
2025-06-08 18:25:45.489 [info] ChatSessionStore: Migrating 0 chat sessions from storage service to file system
2025-06-08 18:25:47.378 [error] Extension 'ms-python.debugpy CANNOT USE these API proposals 'portsAttributes, debugVisualization, contribViewsWelcome'. You MUST start in extension development mode or use the --enable-proposed-api command line flag
2025-06-08 18:25:47.385 [error] [ms-python.python]: editor/content is a proposed menu identifier. It requires 'package.json#enabledApiProposals: ["contribEditorContentMenu"]' and is only available when running out of dev or with the following command line switch: --enable-proposed-api ms-python.python
2025-06-08 18:25:47.923 [info] [perf] Render performance baseline is 16ms
2025-06-08 18:25:53.668 [error] An unknown error occurred. Please consult the log for more details.
2025-06-08 18:28:35.378 [error] TreeError [DebugRepl] Tree input not set: Error: TreeError [DebugRepl] Tree input not set
    at Gf.C (vscode-file://vscode-app/usr/lib/code/out/vs/workbench/workbench.desktop.main.js:417:29043)
    at Gf.updateChildren (vscode-file://vscode-app/usr/lib/code/out/vs/workbench/workbench.desktop.main.js:417:28950)
    at Wne.value (vscode-file://vscode-app/usr/lib/code/out/vs/workbench/workbench.desktop.main.js:2092:33670)
    at E.B (vscode-file://vscode-app/usr/lib/code/out/vs/workbench/workbench.desktop.main.js:29:2392)
    at E.C (vscode-file://vscode-app/usr/lib/code/out/vs/workbench/workbench.desktop.main.js:29:2462)
    at E.fire (vscode-file://vscode-app/usr/lib/code/out/vs/workbench/workbench.desktop.main.js:29:2680)
    at x1e.setVisible (vscode-file://vscode-app/usr/lib/code/out/vs/workbench/workbench.desktop.main.js:680:2727)
    at vscode-file://vscode-app/usr/lib/code/out/vs/workbench/workbench.desktop.main.js:1308:11769
    at Array.map (<anonymous>)
    at ju.setVisible (vscode-file://vscode-app/usr/lib/code/out/vs/workbench/workbench.desktop.main.js:1308:11760)
2025-06-08 18:31:09.133 [error] spawn truecolor ENOENT: Error: spawn truecolor ENOENT
    at ChildProcess._handle.onexit (node:internal/child_process:285:19)
    at onErrorNT (node:internal/child_process:483:16)
    at process.processTicksAndRejections (node:internal/process/task_queues:82:21)
