2025-06-06 19:20:12.034 [info] ComputeTargetPlatform: linux-x64
2025-06-06 19:22:06.054 [info] ComputeTargetPlatform: linux-x64
2025-06-06 19:22:13.964 [info] Getting Manifest... ms-python.python
2025-06-06 19:22:14.797 [info] Installing extension: ms-python.python {"isMachineScoped":false,"installPreReleaseVersion":false,"pinned":false,"profileLocation":{"$mid":1,"external":"vscode-userdata:/home/andrew/.vscode-oss/extensions/extensions.json","path":"/home/andrew/.vscode-oss/extensions/extensions.json","scheme":"vscode-userdata"},"isApplicationScoped":false,"productVersion":{"version":"1.100.2","date":"2025-05-21T09:36:24.436Z"}}
2025-06-06 19:22:14.972 [info] Getting Manifest... ms-python.debugpy
2025-06-06 19:22:15.203 [info] Installing extension: ms-python.debugpy {"isMachineScoped":false,"installPreReleaseVersion":false,"pinned":false,"profileLocation":{"$mid":1,"external":"vscode-userdata:/home/andrew/.vscode-oss/extensions/extensions.json","path":"/home/andrew/.vscode-oss/extensions/extensions.json","scheme":"vscode-userdata"},"isApplicationScoped":false,"productVersion":{"version":"1.100.2","date":"2025-05-21T09:36:24.436Z"},"installGivenVersion":false,"context":{"dependecyOrPackExtensionInstall":true}}
2025-06-06 19:22:17.478 [info] Extension signature verification result for ms-python.python: UnhandledException. Internal Code: 6. Executed: true. Duration: 151ms.
2025-06-06 19:22:17.480 [error] Error while installing the extension ms-python.python Signature verification failed with 'UnhandledException' error. vscode-userdata:/home/andrew/.vscode-oss/extensions/extensions.json
2025-06-06 19:22:17.481 [error] [uncaught exception in sharedProcess]: Signature verification failed with 'UnhandledException' error.: SignatureVerificationInternal: Signature verification failed with 'UnhandledException' error.
    at yh.xb (file:///usr/lib/code/out/vs/code/electron-utility/sharedProcess/sharedProcessMain.js:74:64415)
    at async yh.wb (file:///usr/lib/code/out/vs/code/electron-utility/sharedProcess/sharedProcessMain.js:74:62886)
2025-06-06 19:22:23.013 [info] Extension signature verification result for ms-python.debugpy: UnhandledException. Internal Code: 6. Executed: true. Duration: 171ms.
2025-06-06 19:22:23.014 [error] Error while installing the extension ms-python.debugpy Signature verification failed with 'UnhandledException' error. vscode-userdata:/home/andrew/.vscode-oss/extensions/extensions.json
2025-06-06 19:22:23.014 [error] [uncaught exception in sharedProcess]: Signature verification failed with 'UnhandledException' error.: SignatureVerificationInternal: Signature verification failed with 'UnhandledException' error.
    at yh.xb (file:///usr/lib/code/out/vs/code/electron-utility/sharedProcess/sharedProcessMain.js:74:64415)
    at async yh.wb (file:///usr/lib/code/out/vs/code/electron-utility/sharedProcess/sharedProcessMain.js:74:62886)
2025-06-06 19:22:37.861 [info] Getting Manifest... ms-python.python
2025-06-06 19:22:38.055 [info] Installing extension: ms-python.python {"isMachineScoped":false,"installPreReleaseVersion":false,"pinned":false,"donotVerifySignature":true,"profileLocation":{"$mid":1,"external":"vscode-userdata:/home/andrew/.vscode-oss/extensions/extensions.json","path":"/home/andrew/.vscode-oss/extensions/extensions.json","scheme":"vscode-userdata"},"isApplicationScoped":false,"productVersion":{"version":"1.100.2","date":"2025-05-21T09:36:24.436Z"}}
2025-06-06 19:22:38.252 [info] Getting Manifest... ms-python.debugpy
2025-06-06 19:22:38.483 [info] Installing extension: ms-python.debugpy {"isMachineScoped":false,"installPreReleaseVersion":false,"pinned":false,"donotVerifySignature":true,"profileLocation":{"$mid":1,"external":"vscode-userdata:/home/andrew/.vscode-oss/extensions/extensions.json","path":"/home/andrew/.vscode-oss/extensions/extensions.json","scheme":"vscode-userdata"},"isApplicationScoped":false,"productVersion":{"version":"1.100.2","date":"2025-05-21T09:36:24.436Z"},"installGivenVersion":false,"context":{"dependecyOrPackExtensionInstall":true}}
2025-06-06 19:22:41.602 [info] Extracted extension to file:///home/andrew/.vscode-oss/extensions/ms-python.python-2025.4.0-universal: ms-python.python
2025-06-06 19:22:41.653 [info] Renamed to /home/andrew/.vscode-oss/extensions/ms-python.python-2025.4.0-universal
2025-06-06 19:22:42.983 [info] Extracted extension to file:///home/andrew/.vscode-oss/extensions/ms-python.debugpy-2025.6.0-linux-x64: ms-python.debugpy
2025-06-06 19:22:42.991 [info] Renamed to /home/andrew/.vscode-oss/extensions/ms-python.debugpy-2025.6.0-linux-x64
2025-06-06 19:22:43.003 [info] Extension installed successfully: ms-python.python vscode-userdata:/home/andrew/.vscode-oss/extensions/extensions.json
2025-06-06 19:22:43.003 [info] Extension installed successfully: ms-python.debugpy vscode-userdata:/home/andrew/.vscode-oss/extensions/extensions.json
