2025-06-09 22:46:24.110 [info] Telemetry level is off
2025-06-09 22:46:24.110 [info] Experiments are disabled, only manually opted experiments are active.
2025-06-09 22:46:24.110 [info] Python interpreter path: /bin/python
2025-06-09 22:46:24.555 [info] Starting Jedi language server for default.
2025-06-09 22:47:08.375 [info] Starting Environment refresh
2025-06-09 22:47:08.375 [info] Searching for interpreters in posix paths locator
2025-06-09 22:47:08.375 [info] Searching for pyenv environments
2025-06-09 22:47:08.375 [info] Searching for conda environments
2025-06-09 22:47:08.376 [info] Searching for global virtual environments
2025-06-09 22:47:08.376 [info] Searching for custom virtual environments
2025-06-09 22:47:08.378 [info] pyenv is not installed
2025-06-09 22:47:08.378 [info] Finished searching for pyenv environments: 3 milliseconds
2025-06-09 22:47:08.378 [info] Finished searching for custom virtual envs: 3 milliseconds
2025-06-09 22:47:08.383 [info] > conda info --json
2025-06-09 22:47:08.386 [info] Finished searching for global virtual envs: 11 milliseconds
2025-06-09 22:47:08.389 [info] Found: /bin/python --> /bin/python3.13
2025-06-09 22:47:08.389 [info] Found: /bin/python3 --> /bin/python3.13
2025-06-09 22:47:08.389 [info] Found: /bin/python3.13 --> /bin/python3.13
2025-06-09 22:47:08.402 [info] Found: /sbin/python --> /sbin/python3.13
2025-06-09 22:47:08.403 [info] Found: /sbin/python3 --> /sbin/python3.13
2025-06-09 22:47:08.403 [info] Found: /sbin/python3.13 --> /sbin/python3.13
2025-06-09 22:47:08.404 [info] Found: /usr/bin/python --> /usr/bin/python3.13
2025-06-09 22:47:08.404 [info] Found: /usr/bin/python3 --> /usr/bin/python3.13
2025-06-09 22:47:08.404 [info] Found: /usr/bin/python3.13 --> /usr/bin/python3.13
2025-06-09 22:47:08.413 [info] Found: /usr/sbin/python --> /usr/sbin/python3.13
2025-06-09 22:47:08.413 [info] Found: /usr/sbin/python3 --> /usr/sbin/python3.13
2025-06-09 22:47:08.413 [info] Found: /usr/sbin/python3.13 --> /usr/sbin/python3.13
2025-06-09 22:47:08.422 [info] > /bin/python -I ~/.vscode-oss/extensions/ms-python.python-2025.4.0-universal/python_files/get_output_via_markers.py ~/.vscode-oss/extensions/ms-python.python-2025.4.0-universal/python_files/interpreterInfo.py
2025-06-09 22:47:08.428 [info] > /sbin/python -I ~/.vscode-oss/extensions/ms-python.python-2025.4.0-universal/python_files/get_output_via_markers.py ~/.vscode-oss/extensions/ms-python.python-2025.4.0-universal/python_files/interpreterInfo.py
2025-06-09 22:47:08.431 [info] Finished searching for interpreters in posix paths locator: 57 milliseconds
2025-06-09 22:47:08.433 [info] Environments refresh paths discovered (event): 59 milliseconds
2025-06-09 22:47:08.433 [info] Environments refresh paths discovered: 59 milliseconds
2025-06-09 22:47:08.449 [info] > /usr/bin/python -I ~/.vscode-oss/extensions/ms-python.python-2025.4.0-universal/python_files/get_output_via_markers.py ~/.vscode-oss/extensions/ms-python.python-2025.4.0-universal/python_files/interpreterInfo.py
2025-06-09 22:47:08.454 [info] > /usr/sbin/python -I ~/.vscode-oss/extensions/ms-python.python-2025.4.0-universal/python_files/get_output_via_markers.py ~/.vscode-oss/extensions/ms-python.python-2025.4.0-universal/python_files/interpreterInfo.py
2025-06-09 22:47:08.476 [info] Environments refresh finished (event): 102 milliseconds
2025-06-09 22:47:08.478 [info] Environment refresh took 104 milliseconds
2025-06-09 22:47:19.502 [info] Active interpreter [global]:  /home/andrew/Files/venv/bin/python3.13
2025-06-09 22:47:19.513 [info] > ~/Files/venv/bin/python3.13 -I ~/.vscode-oss/extensions/ms-python.python-2025.4.0-universal/python_files/get_output_via_markers.py ~/.vscode-oss/extensions/ms-python.python-2025.4.0-universal/python_files/interpreterInfo.py
2025-06-09 22:47:19.541 [info] Python interpreter path: ~/Files/venv/bin/python3.13
2025-06-09 22:47:19.939 [info] Starting Jedi language server for default.
2025-06-09 23:24:21.405 [info] Telemetry level is off
2025-06-09 23:24:21.405 [info] Experiments are disabled, only manually opted experiments are active.
2025-06-09 23:24:21.405 [warning] Dir "/home/andrew/Files/.pixi/envs" is not watchable (directory does not exist)
2025-06-09 23:24:21.405 [info] Starting Environment refresh
2025-06-09 23:24:21.405 [info] Starting Environment refresh
2025-06-09 23:24:21.405 [info] > hatch env show --json
2025-06-09 23:24:21.405 [info] cwd: .
2025-06-09 23:24:21.416 [info] > ./venv/bin/python3.13 -I ~/.vscode-oss/extensions/ms-python.python-2025.4.0-universal/python_files/get_output_via_markers.py ~/.vscode-oss/extensions/ms-python.python-2025.4.0-universal/python_files/interpreterInfo.py
2025-06-09 23:24:21.423 [info] > ./venv/bin/python -I ~/.vscode-oss/extensions/ms-python.python-2025.4.0-universal/python_files/get_output_via_markers.py ~/.vscode-oss/extensions/ms-python.python-2025.4.0-universal/python_files/interpreterInfo.py
2025-06-09 23:24:21.423 [info] Environments refresh paths discovered: 35 milliseconds
2025-06-09 23:24:21.424 [info] Environments refresh paths discovered: 35 milliseconds
2025-06-09 23:24:21.460 [info] Environments refresh finished (event): 71 milliseconds
2025-06-09 23:24:21.460 [info] Environments refresh finished (event): 71 milliseconds
2025-06-09 23:24:21.460 [info] Python interpreter path: ./venv/bin/python3.13
2025-06-09 23:24:21.466 [info] Environment refresh took 78 milliseconds
2025-06-09 23:24:21.466 [info] Environment refresh took 77 milliseconds
2025-06-09 23:24:21.471 [info] > pyenv which python
2025-06-09 23:24:21.471 [info] cwd: .
2025-06-09 23:24:21.914 [info] Starting Jedi language server for Files.
2025-06-09 23:40:50.986 [info] Discover tests for workspace name: undefined - uri: /home/andrew/.config/VSCodium/User/settings.json
