2025-06-07 00:37:28.558 [info] Extension host with pid 5141 started
2025-06-07 00:37:28.619 [info] ExtensionService#_doActivateExtension vscode.emmet, startup: false, activationEvent: 'onLanguage'
2025-06-07 00:37:28.633 [info] ExtensionService#_doActivateExtension ms-python.python, startup: false, activationEvent: 'onLanguage:python', root cause: ms-python.debugpy
2025-06-07 00:37:28.805 [info] ExtensionService#_doActivateExtension vscode.configuration-editing, startup: false, activationEvent: 'onLanguage:jsonc'
2025-06-07 00:37:28.812 [info] ExtensionService#_doActivateExtension vscode.json-language-features, startup: false, activationEvent: 'onLanguage:jsonc'
2025-06-07 00:37:28.850 [info] ExtensionService#_doActivateExtension vscode.typescript-language-features, startup: false, activationEvent: 'onLanguage:jsonc'
2025-06-07 00:37:28.917 [info] ExtensionService#_doActivateExtension ms-python.debugpy, startup: false, activationEvent: 'onLanguage:python'
2025-06-07 00:37:28.967 [error] Activating extension ms-python.debugpy failed due to an error:
2025-06-07 00:37:28.967 [error] Error: Extension 'ms-python.debugpy' CANNOT use API proposal: portsAttributes.
Its package.json#enabledApiProposals-property declares:  but NOT portsAttributes.
 The missing proposal MUST be added and you must start in extension development mode or use the following command line switch: --enable-proposed-api ms-python.debugpy
	at N (file:///usr/lib/code/out/vs/workbench/api/node/extensionHostProcess.js:113:30038)
	at Object.registerPortAttributesProvider (file:///usr/lib/code/out/vs/workbench/api/node/extensionHostProcess.js:170:49425)
	at t.registerDebugger (/home/andrew/.vscode-oss/extensions/ms-python.debugpy-2025.6.0-linux-x64/dist/extension.js:2:846640)
	at e.activate (/home/andrew/.vscode-oss/extensions/ms-python.debugpy-2025.6.0-linux-x64/dist/extension.js:2:1098056)
	at ly.kb (file:///usr/lib/code/out/vs/workbench/api/node/extensionHostProcess.js:123:15268)
	at ly.jb (file:///usr/lib/code/out/vs/workbench/api/node/extensionHostProcess.js:123:14975)
	at file:///usr/lib/code/out/vs/workbench/api/node/extensionHostProcess.js:123:13133
	at async Nb.n (file:///usr/lib/code/out/vs/workbench/api/node/extensionHostProcess.js:119:13382)
	at async Nb.m (file:///usr/lib/code/out/vs/workbench/api/node/extensionHostProcess.js:119:13345)
	at async Nb.l (file:///usr/lib/code/out/vs/workbench/api/node/extensionHostProcess.js:119:12801)
2025-06-07 00:37:28.971 [info] ExtensionService#_doActivateExtension vscode.git-base, startup: true, activationEvent: '*', root cause: vscode.git
2025-06-07 00:37:28.975 [info] ExtensionService#_doActivateExtension vscode.git, startup: true, activationEvent: '*'
2025-06-07 00:37:29.005 [info] ExtensionService#_doActivateExtension vscode.github, startup: true, activationEvent: '*'
2025-06-07 00:37:29.041 [info] Eager extensions activated
2025-06-07 00:37:29.050 [info] ExtensionService#_doActivateExtension vscode.debug-auto-launch, startup: false, activationEvent: 'onStartupFinished'
2025-06-07 00:37:29.051 [info] ExtensionService#_doActivateExtension vscode.merge-conflict, startup: false, activationEvent: 'onStartupFinished'
2025-06-07 00:37:29.972 [error] Error: Extension 'ms-python.python' CANNOT use API proposal: testObserver.
Its package.json#enabledApiProposals-property declares:  but NOT testObserver.
 The missing proposal MUST be added and you must start in extension development mode or use the following command line switch: --enable-proposed-api ms-python.python
	at N (file:///usr/lib/code/out/vs/workbench/api/node/extensionHostProcess.js:113:30038)
	at get testResults (file:///usr/lib/code/out/vs/workbench/api/node/extensionHostProcess.js:170:33198)
	at C.activate (/home/andrew/.vscode-oss/extensions/ms-python.python-2025.4.0-universal/out/client/extension.js:2:908659)
	at /home/andrew/.vscode-oss/extensions/ms-python.python-2025.4.0-universal/out/client/extension.js:2:2457
	at Array.map (<anonymous>)
	at v.activateWorkspace (/home/andrew/.vscode-oss/extensions/ms-python.python-2025.4.0-universal/out/client/extension.js:2:2447)
2025-06-07 00:37:30.812 [info] Extension host terminating: renderer closed the MessagePort
2025-06-07 00:37:30.825 [info] Extension host with pid 5141 exiting with code 0
