2025-06-09 22:42:32.260 [info] Telemetry level is off
2025-06-09 22:42:32.260 [info] Experiments are disabled, only manually opted experiments are active.
2025-06-09 22:42:32.260 [info] Starting Environment refresh
2025-06-09 22:42:32.260 [info] Searching for interpreters in posix paths locator
2025-06-09 22:42:32.260 [info] Searching for pyenv environments
2025-06-09 22:42:32.260 [info] Searching for conda environments
2025-06-09 22:42:32.260 [info] Searching for global virtual environments
2025-06-09 22:42:32.260 [info] Searching for custom virtual environments
2025-06-09 22:42:32.260 [info] pyenv is not installed
2025-06-09 22:42:32.260 [info] Finished searching for pyenv environments: 16 milliseconds
2025-06-09 22:42:32.260 [info] Finished searching for custom virtual envs: 16 milliseconds
2025-06-09 22:42:32.260 [info] > conda info --json
2025-06-09 22:42:32.260 [info] Finished searching for global virtual envs: 66 milliseconds
2025-06-09 22:42:32.261 [info] Found: /bin/python --> /bin/python3.13
2025-06-09 22:42:32.262 [info] Found: /bin/python3 --> /bin/python3.13
2025-06-09 22:42:32.262 [info] Found: /bin/python3.13 --> /bin/python3.13
2025-06-09 22:42:32.271 [info] Found: /sbin/python --> /sbin/python3.13
2025-06-09 22:42:32.271 [info] Found: /sbin/python3 --> /sbin/python3.13
2025-06-09 22:42:32.271 [info] Found: /sbin/python3.13 --> /sbin/python3.13
2025-06-09 22:42:32.273 [info] Found: /usr/bin/python --> /usr/bin/python3.13
2025-06-09 22:42:32.273 [info] Found: /usr/bin/python3 --> /usr/bin/python3.13
2025-06-09 22:42:32.273 [info] Found: /usr/bin/python3.13 --> /usr/bin/python3.13
2025-06-09 22:42:32.281 [info] Found: /usr/sbin/python --> /usr/sbin/python3.13
2025-06-09 22:42:32.281 [info] Found: /usr/sbin/python3 --> /usr/sbin/python3.13
2025-06-09 22:42:32.282 [info] Found: /usr/sbin/python3.13 --> /usr/sbin/python3.13
2025-06-09 22:42:32.290 [info] > /bin/python -I ~/.vscode-oss/extensions/ms-python.python-2025.4.0-universal/python_files/get_output_via_markers.py ~/.vscode-oss/extensions/ms-python.python-2025.4.0-universal/python_files/interpreterInfo.py
2025-06-09 22:42:32.297 [info] > /sbin/python -I ~/.vscode-oss/extensions/ms-python.python-2025.4.0-universal/python_files/get_output_via_markers.py ~/.vscode-oss/extensions/ms-python.python-2025.4.0-universal/python_files/interpreterInfo.py
2025-06-09 22:42:32.300 [info] Finished searching for interpreters in posix paths locator: 115 milliseconds
2025-06-09 22:42:32.305 [info] Environments refresh paths discovered (event): 120 milliseconds
2025-06-09 22:42:32.305 [info] Environments refresh paths discovered: 120 milliseconds
2025-06-09 22:42:32.327 [info] > /usr/bin/python -I ~/.vscode-oss/extensions/ms-python.python-2025.4.0-universal/python_files/get_output_via_markers.py ~/.vscode-oss/extensions/ms-python.python-2025.4.0-universal/python_files/interpreterInfo.py
2025-06-09 22:42:32.331 [info] > /usr/sbin/python -I ~/.vscode-oss/extensions/ms-python.python-2025.4.0-universal/python_files/get_output_via_markers.py ~/.vscode-oss/extensions/ms-python.python-2025.4.0-universal/python_files/interpreterInfo.py
2025-06-09 22:42:32.355 [info] Environments refresh finished (event): 170 milliseconds
2025-06-09 22:42:32.358 [info] Environment refresh took 174 milliseconds
2025-06-09 22:42:32.362 [info] Python interpreter path: /bin/python
2025-06-09 22:42:32.806 [info] Starting Jedi language server for default.
